mode: set
github.com/user01/devport/internal/registry/lock.go:20.46,22.2 1 1
github.com/user01/devport/internal/registry/lock.go:27.50,30.16 2 1
github.com/user01/devport/internal/registry/lock.go:30.16,32.3 1 1
github.com/user01/devport/internal/registry/lock.go:33.2,36.34 3 1
github.com/user01/devport/internal/registry/lock.go:36.34,38.3 1 1
github.com/user01/devport/internal/registry/lock.go:39.2,39.22 1 1
github.com/user01/devport/internal/registry/lock.go:39.22,41.3 1 1
github.com/user01/devport/internal/registry/registry.go:15.73,17.3 1 1
github.com/user01/devport/internal/registry/registry.go:26.46,28.2 1 1
github.com/user01/devport/internal/registry/registry.go:31.38,43.2 2 1
github.com/user01/devport/internal/registry/registry.go:48.54,52.24 3 1
github.com/user01/devport/internal/registry/registry.go:52.24,54.3 1 1
github.com/user01/devport/internal/registry/registry.go:55.2,55.16 1 1
github.com/user01/devport/internal/registry/registry.go:55.16,57.3 1 1
github.com/user01/devport/internal/registry/registry.go:59.2,59.20 1 1
github.com/user01/devport/internal/registry/registry.go:59.20,61.3 1 1
github.com/user01/devport/internal/registry/registry.go:63.2,64.51 2 1
github.com/user01/devport/internal/registry/registry.go:64.51,66.3 1 1
github.com/user01/devport/internal/registry/registry.go:69.2,69.24 1 1
github.com/user01/devport/internal/registry/registry.go:69.24,71.3 1 1
github.com/user01/devport/internal/registry/registry.go:72.2,72.25 1 1
github.com/user01/devport/internal/registry/registry.go:72.25,74.3 1 1
github.com/user01/devport/internal/registry/registry.go:75.2,75.28 1 1
github.com/user01/devport/internal/registry/registry.go:75.28,77.3 1 1
github.com/user01/devport/internal/registry/registry.go:79.2,79.18 1 1
github.com/user01/devport/internal/registry/registry.go:83.77,88.2 4 1
github.com/user01/devport/internal/registry/registry.go:92.42,94.2 1 1
github.com/user01/devport/internal/registry/registry.go:98.57,104.16 3 1
github.com/user01/devport/internal/registry/registry.go:104.16,106.3 1 1
github.com/user01/devport/internal/registry/registry.go:107.2,112.16 4 1
github.com/user01/devport/internal/registry/registry.go:112.16,114.3 1 1
github.com/user01/devport/internal/registry/registry.go:116.2,117.57 2 1
github.com/user01/devport/internal/registry/registry.go:117.57,119.3 1 1
github.com/user01/devport/internal/registry/registry.go:121.2,121.48 1 1
github.com/user01/devport/internal/registry/registry.go:121.48,124.3 2 1
github.com/user01/devport/internal/registry/registry.go:126.2,126.12 1 1
github.com/user01/devport/internal/registry/schema.go:49.48,66.2 1 1
