mode: atomic
github.com/user01/devport/internal/output/output.go:11.36,13.9 2 3
github.com/user01/devport/internal/output/output.go:13.9,15.3 1 1
github.com/user01/devport/internal/output/output.go:16.2,17.16 2 2
github.com/user01/devport/internal/output/output.go:17.16,19.3 1 1
github.com/user01/devport/internal/output/output.go:20.2,20.47 1 1
github.com/user01/devport/internal/output/output.go:42.32,44.2 1 2
github.com/user01/devport/internal/output/output.go:47.37,49.2 1 13
github.com/user01/devport/internal/output/output.go:52.34,52.52 1 3
github.com/user01/devport/internal/output/output.go:54.51,55.14 1 16
github.com/user01/devport/internal/output/output.go:55.14,57.3 1 10
github.com/user01/devport/internal/output/output.go:58.2,58.30 1 6
github.com/user01/devport/internal/output/output.go:62.54,64.2 1 1
github.com/user01/devport/internal/output/output.go:67.37,69.2 1 27
github.com/user01/devport/internal/output/output.go:72.39,74.2 1 2
github.com/user01/devport/internal/output/output.go:77.36,79.2 1 2
github.com/user01/devport/internal/output/output.go:82.37,84.2 1 2
github.com/user01/devport/internal/output/output.go:87.36,89.2 1 2
github.com/user01/devport/internal/output/output.go:92.41,94.2 1 2
github.com/user01/devport/internal/output/output.go:112.49,114.2 1 6
github.com/user01/devport/internal/output/output.go:118.42,120.21 2 6
github.com/user01/devport/internal/output/output.go:120.21,121.22 1 9
github.com/user01/devport/internal/output/output.go:121.22,123.4 1 8
github.com/user01/devport/internal/output/output.go:125.2,125.30 1 6
github.com/user01/devport/internal/output/output.go:129.26,132.29 2 6
github.com/user01/devport/internal/output/output.go:132.29,134.23 2 9
github.com/user01/devport/internal/output/output.go:134.23,136.4 1 1
github.com/user01/devport/internal/output/output.go:137.3,137.16 1 9
github.com/user01/devport/internal/output/output.go:139.2,139.29 1 6
github.com/user01/devport/internal/output/output.go:139.29,140.28 1 6
github.com/user01/devport/internal/output/output.go:140.28,141.29 1 9
github.com/user01/devport/internal/output/output.go:141.29,143.5 1 2
github.com/user01/devport/internal/output/output.go:148.2,154.29 3 6
github.com/user01/devport/internal/output/output.go:154.29,156.3 1 6
github.com/user01/devport/internal/output/output.go:159.64,161.29 2 12
github.com/user01/devport/internal/output/output.go:161.29,163.3 1 18
github.com/user01/devport/internal/output/output.go:164.2,164.34 1 12
github.com/user01/devport/internal/output/output.go:167.43,169.25 2 6
github.com/user01/devport/internal/output/output.go:169.25,171.3 1 9
github.com/user01/devport/internal/output/output.go:172.2,172.10 1 6
github.com/user01/devport/internal/output/output.go:175.37,177.27 2 6
github.com/user01/devport/internal/output/output.go:177.27,179.3 1 9
github.com/user01/devport/internal/output/output.go:180.2,180.34 1 6
github.com/user01/devport/internal/output/output.go:183.43,184.21 1 18
github.com/user01/devport/internal/output/output.go:184.21,186.3 1 11
github.com/user01/devport/internal/output/output.go:187.2,187.46 1 7
