mode: set
github.com/user01/devport/internal/resolver/resolver.go:44.53,49.2 4 1
github.com/user01/devport/internal/resolver/resolver.go:56.46,58.46 1 1
github.com/user01/devport/internal/resolver/resolver.go:58.46,60.3 1 1
github.com/user01/devport/internal/resolver/resolver.go:63.2,63.44 1 1
github.com/user01/devport/internal/resolver/resolver.go:63.44,65.3 1 1
github.com/user01/devport/internal/resolver/resolver.go:68.2,68.34 1 1
github.com/user01/devport/internal/resolver/resolver.go:73.60,75.16 2 1
github.com/user01/devport/internal/resolver/resolver.go:75.16,77.3 1 1
github.com/user01/devport/internal/resolver/resolver.go:79.2,82.51 2 1
github.com/user01/devport/internal/resolver/resolver.go:82.51,84.3 1 1
github.com/user01/devport/internal/resolver/resolver.go:86.2,86.31 1 1
github.com/user01/devport/internal/resolver/resolver.go:86.31,88.3 1 1
github.com/user01/devport/internal/resolver/resolver.go:90.2,94.9 1 1
github.com/user01/devport/internal/resolver/resolver.go:97.39,98.45 1 1
github.com/user01/devport/internal/resolver/resolver.go:98.45,100.3 1 1
github.com/user01/devport/internal/resolver/resolver.go:101.2,101.39 1 1
github.com/user01/devport/internal/resolver/resolver.go:106.58,113.12 3 1
github.com/user01/devport/internal/resolver/resolver.go:113.12,116.3 2 1
github.com/user01/devport/internal/resolver/resolver.go:118.2,118.9 1 1
github.com/user01/devport/internal/resolver/resolver.go:119.19,120.38 1 1
github.com/user01/devport/internal/resolver/resolver.go:120.38,122.4 1 1
github.com/user01/devport/internal/resolver/resolver.go:123.3,130.10 4 1
github.com/user01/devport/internal/resolver/resolver.go:131.32,132.29 1 1
github.com/user01/devport/internal/resolver/resolver.go:136.41,140.2 3 1
github.com/user01/devport/internal/resolver/resolver.go:142.41,146.39 3 1
github.com/user01/devport/internal/resolver/resolver.go:146.39,147.21 1 1
github.com/user01/devport/internal/resolver/resolver.go:147.21,149.4 1 1
github.com/user01/devport/internal/resolver/resolver.go:151.2,151.12 1 1
github.com/user01/devport/internal/resolver/resolver.go:156.45,163.2 2 1
github.com/user01/devport/internal/resolver/resolver.go:165.37,167.31 1 1
github.com/user01/devport/internal/resolver/resolver.go:167.31,169.3 1 1
github.com/user01/devport/internal/resolver/resolver.go:170.2,170.28 1 1
github.com/user01/devport/internal/resolver/resolver.go:175.28,178.2 2 1
