mode: atomic
github.com/user01/devport/internal/detect/envwriter.go:34.64,36.9 2 9
github.com/user01/devport/internal/detect/envwriter.go:36.9,38.3 1 1
github.com/user01/devport/internal/detect/envwriter.go:40.2,45.23 2 9
github.com/user01/devport/internal/detect/envwriter.go:45.23,47.3 1 1
github.com/user01/devport/internal/detect/envwriter.go:48.2,48.24 1 9
github.com/user01/devport/internal/detect/envwriter.go:48.24,50.3 1 1
github.com/user01/devport/internal/detect/envwriter.go:52.2,52.12 1 9
github.com/user01/devport/internal/detect/envwriter.go:66.62,69.65 2 10
github.com/user01/devport/internal/detect/envwriter.go:69.65,71.3 1 1
github.com/user01/devport/internal/detect/envwriter.go:73.2,77.16 4 9
github.com/user01/devport/internal/detect/envwriter.go:77.16,78.26 1 4
github.com/user01/devport/internal/detect/envwriter.go:78.26,80.4 1 1
github.com/user01/devport/internal/detect/envwriter.go:82.3,82.62 1 3
github.com/user01/devport/internal/detect/envwriter.go:85.2,87.29 3 5
github.com/user01/devport/internal/detect/envwriter.go:87.29,88.38 1 11
github.com/user01/devport/internal/detect/envwriter.go:88.38,91.9 3 3
github.com/user01/devport/internal/detect/envwriter.go:95.2,96.14 2 5
github.com/user01/devport/internal/detect/envwriter.go:96.14,98.3 1 3
github.com/user01/devport/internal/detect/envwriter.go:98.8,101.60 2 2
github.com/user01/devport/internal/detect/envwriter.go:101.60,103.4 1 1
github.com/user01/devport/internal/detect/envwriter.go:104.3,104.36 1 2
github.com/user01/devport/internal/detect/envwriter.go:107.2,107.49 1 5
github.com/user01/devport/internal/detect/framework.go:11.32,22.37 2 18
github.com/user01/devport/internal/detect/framework.go:22.37,23.33 1 44
github.com/user01/devport/internal/detect/framework.go:23.33,24.41 1 103
github.com/user01/devport/internal/detect/framework.go:24.41,26.5 1 8
github.com/user01/devport/internal/detect/framework.go:31.2,32.17 2 10
github.com/user01/devport/internal/detect/framework.go:32.17,34.3 1 2
github.com/user01/devport/internal/detect/framework.go:37.2,48.34 2 8
github.com/user01/devport/internal/detect/framework.go:48.34,49.35 1 26
github.com/user01/devport/internal/detect/framework.go:49.35,51.4 1 7
github.com/user01/devport/internal/detect/framework.go:54.2,54.11 1 1
github.com/user01/devport/internal/detect/framework.go:59.53,61.16 2 10
github.com/user01/devport/internal/detect/framework.go:61.16,63.3 1 1
github.com/user01/devport/internal/detect/framework.go:65.2,69.51 2 9
github.com/user01/devport/internal/detect/framework.go:69.51,71.3 1 1
github.com/user01/devport/internal/detect/framework.go:73.2,74.37 2 8
github.com/user01/devport/internal/detect/framework.go:74.37,76.3 1 8
github.com/user01/devport/internal/detect/framework.go:77.2,77.40 1 8
github.com/user01/devport/internal/detect/framework.go:77.40,79.3 1 1
github.com/user01/devport/internal/detect/framework.go:80.2,80.15 1 8
github.com/user01/devport/internal/detect/framework.go:83.35,86.2 2 103
