mode: atomic
github.com/user01/devport/cmd/env.go:25.13,30.2 4 1
github.com/user01/devport/cmd/env.go:32.51,34.16 2 11
github.com/user01/devport/cmd/env.go:34.16,36.3 1 1
github.com/user01/devport/cmd/env.go:38.2,39.16 2 10
github.com/user01/devport/cmd/env.go:39.16,41.3 1 1
github.com/user01/devport/cmd/env.go:43.2,44.16 2 9
github.com/user01/devport/cmd/env.go:44.16,46.3 1 1
github.com/user01/devport/cmd/env.go:48.2,49.16 2 8
github.com/user01/devport/cmd/env.go:49.16,51.3 1 1
github.com/user01/devport/cmd/env.go:53.2,54.21 2 7
github.com/user01/devport/cmd/env.go:54.21,56.3 1 6
github.com/user01/devport/cmd/env.go:58.2,61.16 3 7
github.com/user01/devport/cmd/env.go:61.16,63.3 1 0
github.com/user01/devport/cmd/env.go:65.2,66.11 2 7
github.com/user01/devport/cmd/env.go:66.11,76.3 1 7
github.com/user01/devport/cmd/env.go:76.8,78.3 1 0
github.com/user01/devport/cmd/env.go:80.2,80.51 1 7
github.com/user01/devport/cmd/env.go:80.51,82.3 1 1
github.com/user01/devport/cmd/env.go:84.2,89.56 2 6
github.com/user01/devport/cmd/env.go:89.56,91.3 1 1
github.com/user01/devport/cmd/env.go:93.2,94.12 2 5
github.com/user01/devport/cmd/free.go:23.13,27.2 3 1
github.com/user01/devport/cmd/free.go:30.42,35.2 4 0
github.com/user01/devport/cmd/free.go:37.55,39.16 2 14
github.com/user01/devport/cmd/free.go:39.16,41.3 1 1
github.com/user01/devport/cmd/free.go:43.2,44.16 2 13
github.com/user01/devport/cmd/free.go:44.16,46.3 1 1
github.com/user01/devport/cmd/free.go:48.2,48.17 1 12
github.com/user01/devport/cmd/free.go:48.17,49.77 1 3
github.com/user01/devport/cmd/free.go:49.77,52.4 2 1
github.com/user01/devport/cmd/free.go:53.3,54.52 2 2
github.com/user01/devport/cmd/free.go:54.52,56.4 1 1
github.com/user01/devport/cmd/free.go:57.3,58.13 2 1
github.com/user01/devport/cmd/free.go:61.2,62.20 2 9
github.com/user01/devport/cmd/free.go:62.20,64.53 1 6
github.com/user01/devport/cmd/free.go:64.53,66.17 2 2
github.com/user01/devport/cmd/free.go:66.17,68.5 1 1
github.com/user01/devport/cmd/free.go:69.9,71.4 1 4
github.com/user01/devport/cmd/free.go:72.8,75.17 2 3
github.com/user01/devport/cmd/free.go:75.17,77.4 1 1
github.com/user01/devport/cmd/free.go:78.3,79.17 2 2
github.com/user01/devport/cmd/free.go:79.17,81.4 1 1
github.com/user01/devport/cmd/free.go:82.3,82.16 1 1
github.com/user01/devport/cmd/free.go:85.2,86.9 2 6
github.com/user01/devport/cmd/free.go:86.9,88.3 1 1
github.com/user01/devport/cmd/free.go:90.2,90.98 1 5
github.com/user01/devport/cmd/free.go:90.98,93.3 2 1
github.com/user01/devport/cmd/free.go:95.2,96.51 2 4
github.com/user01/devport/cmd/free.go:96.51,98.3 1 1
github.com/user01/devport/cmd/free.go:100.2,101.12 2 3
github.com/user01/devport/cmd/free.go:104.61,105.32 1 2
github.com/user01/devport/cmd/free.go:105.32,106.21 1 1
github.com/user01/devport/cmd/free.go:106.21,108.4 1 1
github.com/user01/devport/cmd/free.go:110.2,110.11 1 1
github.com/user01/devport/cmd/get.go:34.13,40.2 5 1
github.com/user01/devport/cmd/get.go:42.51,44.16 2 17
github.com/user01/devport/cmd/get.go:44.16,46.3 1 1
github.com/user01/devport/cmd/get.go:48.2,49.16 2 16
github.com/user01/devport/cmd/get.go:49.16,51.3 1 1
github.com/user01/devport/cmd/get.go:53.2,54.16 2 15
github.com/user01/devport/cmd/get.go:54.16,56.3 1 1
github.com/user01/devport/cmd/get.go:58.2,59.16 2 14
github.com/user01/devport/cmd/get.go:59.16,61.3 1 2
github.com/user01/devport/cmd/get.go:63.2,64.21 2 12
github.com/user01/devport/cmd/get.go:64.21,66.3 1 11
github.com/user01/devport/cmd/get.go:68.2,74.16 3 12
github.com/user01/devport/cmd/get.go:74.16,76.3 1 1
github.com/user01/devport/cmd/get.go:79.2,80.11 2 11
github.com/user01/devport/cmd/get.go:80.11,90.3 1 9
github.com/user01/devport/cmd/get.go:90.8,92.3 1 2
github.com/user01/devport/cmd/get.go:94.2,94.51 1 11
github.com/user01/devport/cmd/get.go:94.51,96.3 1 1
github.com/user01/devport/cmd/get.go:98.2,98.17 1 10
github.com/user01/devport/cmd/get.go:98.17,103.3 4 3
github.com/user01/devport/cmd/get.go:105.2,106.12 2 7
github.com/user01/devport/cmd/init.go:30.13,36.2 5 1
github.com/user01/devport/cmd/init.go:38.52,40.16 2 15
github.com/user01/devport/cmd/init.go:40.16,42.3 1 1
github.com/user01/devport/cmd/init.go:44.2,45.16 2 14
github.com/user01/devport/cmd/init.go:45.16,47.3 1 1
github.com/user01/devport/cmd/init.go:49.2,50.16 2 13
github.com/user01/devport/cmd/init.go:50.16,52.3 1 1
github.com/user01/devport/cmd/init.go:54.2,55.16 2 12
github.com/user01/devport/cmd/init.go:55.16,57.3 1 1
github.com/user01/devport/cmd/init.go:59.2,60.21 2 11
github.com/user01/devport/cmd/init.go:60.21,62.3 1 10
github.com/user01/devport/cmd/init.go:64.2,70.16 3 11
github.com/user01/devport/cmd/init.go:70.16,72.3 1 0
github.com/user01/devport/cmd/init.go:74.2,75.11 2 11
github.com/user01/devport/cmd/init.go:75.11,85.3 1 11
github.com/user01/devport/cmd/init.go:85.8,87.3 1 0
github.com/user01/devport/cmd/init.go:89.2,89.51 1 11
github.com/user01/devport/cmd/init.go:89.51,91.3 1 1
github.com/user01/devport/cmd/init.go:94.2,95.56 2 10
github.com/user01/devport/cmd/init.go:95.56,97.3 1 1
github.com/user01/devport/cmd/init.go:99.2,105.44 5 9
github.com/user01/devport/cmd/init.go:105.44,107.9 2 9
github.com/user01/devport/cmd/init.go:107.9,108.51 1 8
github.com/user01/devport/cmd/init.go:108.51,110.5 1 1
github.com/user01/devport/cmd/init.go:110.10,112.5 1 7
github.com/user01/devport/cmd/init.go:117.2,117.30 1 9
github.com/user01/devport/cmd/init.go:117.30,119.9 2 8
github.com/user01/devport/cmd/init.go:119.9,120.60 1 7
github.com/user01/devport/cmd/init.go:120.60,122.5 1 1
github.com/user01/devport/cmd/init.go:122.10,124.5 1 6
github.com/user01/devport/cmd/init.go:128.2,128.12 1 9
github.com/user01/devport/cmd/init.go:131.38,132.13 1 9
github.com/user01/devport/cmd/init.go:132.13,134.3 1 5
github.com/user01/devport/cmd/init.go:135.2,135.10 1 4
github.com/user01/devport/cmd/init.go:139.44,141.16 2 13
github.com/user01/devport/cmd/init.go:141.16,143.3 1 1
github.com/user01/devport/cmd/init.go:145.2,146.51 2 12
github.com/user01/devport/cmd/init.go:146.51,148.3 1 2
github.com/user01/devport/cmd/init.go:151.2,152.35 2 10
github.com/user01/devport/cmd/init.go:152.35,153.55 1 1
github.com/user01/devport/cmd/init.go:153.55,155.4 1 1
github.com/user01/devport/cmd/init.go:156.8,158.3 1 9
github.com/user01/devport/cmd/init.go:160.2,163.16 3 9
github.com/user01/devport/cmd/init.go:163.16,165.3 1 0
github.com/user01/devport/cmd/init.go:166.2,169.16 3 9
github.com/user01/devport/cmd/init.go:169.16,171.3 1 0
github.com/user01/devport/cmd/init.go:173.2,173.55 1 9
github.com/user01/devport/cmd/init.go:177.45,180.39 3 9
github.com/user01/devport/cmd/init.go:180.39,182.3 1 2
github.com/user01/devport/cmd/init.go:184.2,185.49 2 7
github.com/user01/devport/cmd/init.go:185.49,186.35 1 7
github.com/user01/devport/cmd/init.go:186.35,188.4 1 1
github.com/user01/devport/cmd/init.go:191.2,191.59 1 6
github.com/user01/devport/cmd/init.go:191.59,193.3 1 1
github.com/user01/devport/cmd/init.go:194.2,196.50 2 6
github.com/user01/devport/cmd/list.go:25.13,29.2 3 1
github.com/user01/devport/cmd/list.go:31.52,33.16 2 7
github.com/user01/devport/cmd/list.go:33.16,35.3 1 1
github.com/user01/devport/cmd/list.go:37.2,38.16 2 6
github.com/user01/devport/cmd/list.go:38.16,40.3 1 1
github.com/user01/devport/cmd/list.go:42.2,42.27 1 5
github.com/user01/devport/cmd/list.go:42.27,45.3 2 1
github.com/user01/devport/cmd/list.go:48.2,53.32 3 4
github.com/user01/devport/cmd/list.go:53.32,55.3 1 5
github.com/user01/devport/cmd/list.go:56.2,56.39 1 4
github.com/user01/devport/cmd/list.go:56.39,58.3 1 1
github.com/user01/devport/cmd/list.go:60.2,60.18 1 4
github.com/user01/devport/cmd/list.go:60.18,71.26 3 1
github.com/user01/devport/cmd/list.go:71.26,81.4 1 1
github.com/user01/devport/cmd/list.go:82.3,84.13 3 1
github.com/user01/devport/cmd/list.go:87.2,94.21 3 3
github.com/user01/devport/cmd/list.go:94.21,99.3 1 1
github.com/user01/devport/cmd/list.go:101.2,102.25 2 3
github.com/user01/devport/cmd/list.go:102.25,108.22 2 4
github.com/user01/devport/cmd/list.go:108.22,113.4 1 1
github.com/user01/devport/cmd/list.go:114.3,114.22 1 4
github.com/user01/devport/cmd/list.go:116.2,117.12 2 3
github.com/user01/devport/cmd/reset.go:22.13,25.2 2 1
github.com/user01/devport/cmd/reset.go:27.56,29.16 2 10
github.com/user01/devport/cmd/reset.go:29.16,31.3 1 1
github.com/user01/devport/cmd/reset.go:33.2,34.16 2 9
github.com/user01/devport/cmd/reset.go:34.16,36.3 1 1
github.com/user01/devport/cmd/reset.go:38.2,39.16 2 8
github.com/user01/devport/cmd/reset.go:39.16,41.3 1 1
github.com/user01/devport/cmd/reset.go:43.2,44.20 2 7
github.com/user01/devport/cmd/reset.go:44.20,46.3 1 2
github.com/user01/devport/cmd/reset.go:46.8,48.17 2 5
github.com/user01/devport/cmd/reset.go:48.17,50.4 1 1
github.com/user01/devport/cmd/reset.go:51.3,51.16 1 4
github.com/user01/devport/cmd/reset.go:54.2,55.12 2 6
github.com/user01/devport/cmd/reset.go:55.12,56.101 1 3
github.com/user01/devport/cmd/reset.go:56.101,59.4 2 1
github.com/user01/devport/cmd/reset.go:60.3,60.27 1 2
github.com/user01/devport/cmd/reset.go:63.2,65.16 3 5
github.com/user01/devport/cmd/reset.go:65.16,67.3 1 0
github.com/user01/devport/cmd/reset.go:69.2,69.20 1 5
github.com/user01/devport/cmd/reset.go:69.20,71.3 1 4
github.com/user01/devport/cmd/reset.go:73.2,74.16 2 5
github.com/user01/devport/cmd/reset.go:74.16,76.3 1 0
github.com/user01/devport/cmd/reset.go:78.2,80.12 3 5
github.com/user01/devport/cmd/reset.go:80.12,82.3 1 2
github.com/user01/devport/cmd/reset.go:84.2,94.51 2 5
github.com/user01/devport/cmd/reset.go:94.51,96.3 1 1
github.com/user01/devport/cmd/reset.go:98.2,103.8 4 4
github.com/user01/devport/cmd/reset.go:103.8,104.57 1 4
github.com/user01/devport/cmd/reset.go:104.57,106.4 1 1
github.com/user01/devport/cmd/reset.go:106.9,108.4 1 3
github.com/user01/devport/cmd/reset.go:111.2,111.12 1 4
github.com/user01/devport/cmd/root.go:22.16,23.42 1 2
github.com/user01/devport/cmd/root.go:23.42,25.3 1 1
github.com/user01/devport/cmd/root.go:28.13,31.2 2 1
