mode: set
github.com/user01/devport/internal/registry/lock.go:20.46,22.2 1 1
github.com/user01/devport/internal/registry/lock.go:27.50,30.16 2 1
github.com/user01/devport/internal/registry/lock.go:30.16,32.3 1 1
github.com/user01/devport/internal/registry/lock.go:33.2,36.34 3 1
github.com/user01/devport/internal/registry/lock.go:36.34,38.3 1 1
github.com/user01/devport/internal/registry/lock.go:39.2,39.22 1 1
github.com/user01/devport/internal/registry/lock.go:39.22,41.3 1 1
github.com/user01/devport/internal/registry/schema.go:49.48,66.2 1 0
